Log file open, 02/20/17 22:22:38
LogInit:Display: Running engine for game: Gitters
LogPlatformFile: Not using cached read wrapper
LogInit:Display: RandInit(660425203) SRandInit(660425203).
LogTaskGraph: Started task graph with 5 named threads and 10 total threads with 1 sets of task threads.
LogStats: Stats thread started at 0.095725
LogPluginManager: Loaded Plugin Paper2D, From C:/Program Files/Epic Games/UE_4.14/Engine/Plugins/2D/Paper2D/Paper2D.uplugin
LogPluginManager: Loaded Plugin LightPropagationVolume, From C:/Program Files/Epic Games/UE_4.14/Engine/Plugins/Blendables/LightPropagationVolume/LightPropagationVolume.uplugin
LogPluginManager: Loaded Plugin BlankPlugin, From C:/Program Files/Epic Games/UE_4.14/Engine/Plugins/Developer/BlankPlugin/BlankPlugin.uplugin
LogPluginManager: Loaded Plugin CodeLiteSourceCodeAccess, From C:/Program Files/Epic Games/UE_4.14/Engine/Plugins/Developer/CodeLiteSourceCodeAccess/CodeLiteSourceCodeAccess.uplugin
LogPluginManager: Loaded Plugin GitSourceControl, From C:/Program Files/Epic Games/UE_4.14/Engine/Plugins/Developer/GitSourceControl/GitSourceControl.uplugin
LogPluginManager: Loaded Plugin KDevelopSourceCodeAccess, From C:/Program Files/Epic Games/UE_4.14/Engine/Plugins/Developer/KDevelopSourceCodeAccess/KDevelopSourceCodeAccess.uplugin
LogPluginManager: Loaded Plugin NullSourceCodeAccess, From C:/Program Files/Epic Games/UE_4.14/Engine/Plugins/Developer/NullSourceCodeAccess/NullSourceCodeAccess.uplugin
LogPluginManager: Loaded Plugin OneSkyLocalizationService, From C:/Program Files/Epic Games/UE_4.14/Engine/Plugins/Developer/OneSkyLocalizationService/OneSkyLocalizationService.uplugin
LogPluginManager: Loaded Plugin PerforceSourceControl, From C:/Program Files/Epic Games/UE_4.14/Engine/Plugins/Developer/PerforceSourceControl/PerforceSourceControl.uplugin
LogPluginManager: Loaded Plugin SubversionSourceControl, From C:/Program Files/Epic Games/UE_4.14/Engine/Plugins/Developer/SubversionSourceControl/SubversionSourceControl.uplugin
LogPluginManager: Loaded Plugin UObjectPlugin, From C:/Program Files/Epic Games/UE_4.14/Engine/Plugins/Developer/UObjectPlugin/UObjectPlugin.uplugin
LogPluginManager: Loaded Plugin VisualStudioSourceCodeAccess, From C:/Program Files/Epic Games/UE_4.14/Engine/Plugins/Developer/VisualStudioSourceCodeAccess/VisualStudioSourceCodeAccess.uplugin
LogPluginManager: Loaded Plugin XCodeSourceCodeAccess, From C:/Program Files/Epic Games/UE_4.14/Engine/Plugins/Developer/XCodeSourceCodeAccess/XCodeSourceCodeAccess.uplugin
LogPluginManager: Loaded Plugin AudioCapture, From C:/Program Files/Epic Games/UE_4.14/Engine/Plugins/Editor/AudioCapture/AudioCapture.uplugin
LogPluginManager: Loaded Plugin EpicSurvey, From C:/Program Files/Epic Games/UE_4.14/Engine/Plugins/Editor/EpicSurvey/EpicSurvey.uplugin
LogPluginManager: Loaded Plugin MacGraphicsSwitching, From C:/Program Files/Epic Games/UE_4.14/Engine/Plugins/Editor/MacGraphicsSwitching/MacGraphicsSwitching.uplugin
LogPluginManager: Loaded Plugin MobileLauncherProfileWizard, From C:/Program Files/Epic Games/UE_4.14/Engine/Plugins/Editor/MobileLauncherProfileWizard/MobileLauncherProfileWizard.uplugin
LogPluginManager: Loaded Plugin PluginBrowser, From C:/Program Files/Epic Games/UE_4.14/Engine/Plugins/Editor/PluginBrowser/PluginBrowser.uplugin
LogPluginManager: Loaded Plugin SpeedTreeImporter, From C:/Program Files/Epic Games/UE_4.14/Engine/Plugins/Editor/SpeedTreeImporter/SpeedTreeImporter.uplugin
LogPluginManager: Loaded Plugin SuperSearchEditor, From C:/Program Files/Epic Games/UE_4.14/Engine/Plugins/Editor/SuperSearchEditor/SuperSearchEditor.uplugin
LogPluginManager: Loaded Plugin AlembicImporter, From C:/Program Files/Epic Games/UE_4.14/Engine/Plugins/Experimental/AlembicImporter/AlembicImporter.uplugin
LogPluginManager: Loaded Plugin BlueprintStats, From C:/Program Files/Epic Games/UE_4.14/Engine/Plugins/Experimental/BlueprintStats/BlueprintStats.uplugin
LogPluginManager: Loaded Plugin CharacterAI, From C:/Program Files/Epic Games/UE_4.14/Engine/Plugins/Experimental/CharacterAI/CharacterAI.uplugin
LogPluginManager: Loaded Plugin CodeEditor, From C:/Program Files/Epic Games/UE_4.14/Engine/Plugins/Experimental/CodeEditor/CodeEditor.uplugin
LogPluginManager: Loaded Plugin CodeView, From C:/Program Files/Epic Games/UE_4.14/Engine/Plugins/Experimental/CodeView/CodeView.uplugin
LogPluginManager: Loaded Plugin HTML5Networking, From C:/Program Files/Epic Games/UE_4.14/Engine/Plugins/Experimental/HTML5Networking/HTML5Networking.uplugin
LogPluginManager: Loaded Plugin OSVR, From C:/Program Files/Epic Games/UE_4.14/Engine/Plugins/Experimental/OSVR/OSVR.uplugin
LogPluginManager: Loaded Plugin Phya, From C:/Program Files/Epic Games/UE_4.14/Engine/Plugins/Experimental/Phya/Phya.uplugin
LogPluginManager: Loaded Plugin SignificanceManager, From C:/Program Files/Epic Games/UE_4.14/Engine/Plugins/Experimental/SignificanceManager/SignificanceManager.uplugin
LogPluginManager: Loaded Plugin SimpleHMD, From C:/Program Files/Epic Games/UE_4.14/Engine/Plugins/Experimental/SimpleHMD/SimpleHMD.uplugin
LogPluginManager: Loaded Plugin StereoPanorama, From C:/Program Files/Epic Games/UE_4.14/Engine/Plugins/Experimental/StereoPanorama/StereoPanorama.uplugin
LogPluginManager: Loaded Plugin StructBox, From C:/Program Files/Epic Games/UE_4.14/Engine/Plugins/Experimental/StructBox/StructBox.uplugin
LogPluginManager: Loaded Plugin AndroidMedia, From C:/Program Files/Epic Games/UE_4.14/Engine/Plugins/Media/AndroidMedia/AndroidMedia.uplugin
LogPluginManager: Loaded Plugin AvfMedia, From C:/Program Files/Epic Games/UE_4.14/Engine/Plugins/Media/AvfMedia/AvfMedia.uplugin
LogPluginManager: Loaded Plugin MediaPlayerEditor, From C:/Program Files/Epic Games/UE_4.14/Engine/Plugins/Media/MediaPlayerEditor/MediaPlayerEditor.uplugin
LogPluginManager: Loaded Plugin WmfMedia, From C:/Program Files/Epic Games/UE_4.14/Engine/Plugins/Media/WmfMedia/WmfMedia.uplugin
LogPluginManager: Loaded Plugin MessagingDebugger, From C:/Program Files/Epic Games/UE_4.14/Engine/Plugins/Messaging/MessagingDebugger/MessagingDebugger.uplugin
LogPluginManager: Loaded Plugin TcpMessaging, From C:/Program Files/Epic Games/UE_4.14/Engine/Plugins/Messaging/TcpMessaging/TcpMessaging.uplugin
LogPluginManager: Loaded Plugin UdpMessaging, From C:/Program Files/Epic Games/UE_4.14/Engine/Plugins/Messaging/UdpMessaging/UdpMessaging.uplugin
LogPluginManager: Loaded Plugin LevelSequenceEditor, From C:/Program Files/Epic Games/UE_4.14/Engine/Plugins/MovieScene/LevelSequenceEditor/LevelSequenceEditor.uplugin
LogPluginManager: Loaded Plugin MatineeToLevelSequence, From C:/Program Files/Epic Games/UE_4.14/Engine/Plugins/MovieScene/MatineeToLevelSequence/MatineeToLevelSequence.uplugin
LogPluginManager: Loaded Plugin NetcodeUnitTest, From C:/Program Files/Epic Games/UE_4.14/Engine/Plugins/NetcodeUnitTest/NetcodeUnitTest/NetcodeUnitTest.uplugin
LogPluginManager: Loaded Plugin NUTUnrealEngine4, From C:/Program Files/Epic Games/UE_4.14/Engine/Plugins/NetcodeUnitTest/NUTUnrealEngine4/NUTUnrealEngine4.uplugin
LogPluginManager: Loaded Plugin OnlineSubsystemGameCircle, From C:/Program Files/Epic Games/UE_4.14/Engine/Plugins/Online/Android/OnlineSubsystemGameCircle/OnlineSubsystemGameCircle.uplugin
LogPluginManager: Loaded Plugin OnlineSubsystemGooglePlay, From C:/Program Files/Epic Games/UE_4.14/Engine/Plugins/Online/Android/OnlineSubsystemGooglePlay/OnlineSubsystemGooglePlay.uplugin
LogPluginManager: Loaded Plugin OnlineSubsystemIOS, From C:/Program Files/Epic Games/UE_4.14/Engine/Plugins/Online/IOS/OnlineSubsystemIOS/OnlineSubsystemIOS.uplugin
LogPluginManager: Loaded Plugin OnlineFramework, From C:/Program Files/Epic Games/UE_4.14/Engine/Plugins/Online/OnlineFramework/OnlineFramework.uplugin
LogPluginManager: Loaded Plugin OnlineSubsystem, From C:/Program Files/Epic Games/UE_4.14/Engine/Plugins/Online/OnlineSubsystem/OnlineSubsystem.uplugin
LogPluginManager: Loaded Plugin OnlineSubsystemAmazon, From C:/Program Files/Epic Games/UE_4.14/Engine/Plugins/Online/OnlineSubsystemAmazon/OnlineSubsystemAmazon.uplugin
LogPluginManager: Loaded Plugin OnlineSubsystemFacebook, From C:/Program Files/Epic Games/UE_4.14/Engine/Plugins/Online/OnlineSubsystemFacebook/OnlineSubsystemFacebook.uplugin
LogPluginManager: Loaded Plugin OnlineSubsystemNull, From C:/Program Files/Epic Games/UE_4.14/Engine/Plugins/Online/OnlineSubsystemNull/OnlineSubsystemNull.uplugin
LogPluginManager: Loaded Plugin OnlineSubsystemOculus, From C:/Program Files/Epic Games/UE_4.14/Engine/Plugins/Online/OnlineSubsystemOculus/OnlineSubsystemOculus.uplugin
LogPluginManager: Loaded Plugin OnlineSubsystemSteam, From C:/Program Files/Epic Games/UE_4.14/Engine/Plugins/Online/OnlineSubsystemSteam/OnlineSubsystemSteam.uplugin
LogPluginManager: Loaded Plugin OnlineSubsystemUtils, From C:/Program Files/Epic Games/UE_4.14/Engine/Plugins/Online/OnlineSubsystemUtils/OnlineSubsystemUtils.uplugin
LogPluginManager: Loaded Plugin IOSTapJoy, From C:/Program Files/Epic Games/UE_4.14/Engine/Plugins/Runtime/Advertising/IOSTapJoy/IOSTapJoy.uplugin
LogPluginManager: Loaded Plugin AnalyticsBlueprintLibrary, From C:/Program Files/Epic Games/UE_4.14/Engine/Plugins/Runtime/Analytics/AnalyticsBlueprintLibrary/AnalyticsBlueprintLibrary.uplugin
LogPluginManager: Loaded Plugin AnalyticsMulticast, From C:/Program Files/Epic Games/UE_4.14/Engine/Plugins/Runtime/Analytics/AnalyticsMulticast/AnalyticsMulticast.uplugin
LogPluginManager: Loaded Plugin Apsalar, From C:/Program Files/Epic Games/UE_4.14/Engine/Plugins/Runtime/Analytics/Apsalar/Apsalar.uplugin
LogPluginManager: Loaded Plugin FileLogging, From C:/Program Files/Epic Games/UE_4.14/Engine/Plugins/Runtime/Analytics/FileLogging/FileLogging.uplugin
LogPluginManager: Loaded Plugin Flurry, From C:/Program Files/Epic Games/UE_4.14/Engine/Plugins/Runtime/Analytics/Flurry/Flurry.uplugin
LogPluginManager: Loaded Plugin AndroidDeviceProfileSelector, From C:/Program Files/Epic Games/UE_4.14/Engine/Plugins/Runtime/AndroidDeviceProfileSelector/AndroidDeviceProfileSelector.uplugin
LogPluginManager: Loaded Plugin AndroidMoviePlayer, From C:/Program Files/Epic Games/UE_4.14/Engine/Plugins/Runtime/AndroidMoviePlayer/AndroidMoviePlayer.uplugin
LogPluginManager: Loaded Plugin AppleMoviePlayer, From C:/Program Files/Epic Games/UE_4.14/Engine/Plugins/Runtime/AppleMoviePlayer/AppleMoviePlayer.uplugin
LogPluginManager: Loaded Plugin ArchVisCharacter, From C:/Program Files/Epic Games/UE_4.14/Engine/Plugins/Runtime/ArchVisCharacter/ArchVisCharacter.uplugin
LogPluginManager: Loaded Plugin CableComponent, From C:/Program Files/Epic Games/UE_4.14/Engine/Plugins/Runtime/CableComponent/CableComponent.uplugin
LogPluginManager: Loaded Plugin CustomMeshComponent, From C:/Program Files/Epic Games/UE_4.14/Engine/Plugins/Runtime/CustomMeshComponent/CustomMeshComponent.uplugin
LogPluginManager: Loaded Plugin ExampleDeviceProfileSelector, From C:/Program Files/Epic Games/UE_4.14/Engine/Plugins/Runtime/ExampleDeviceProfileSelector/ExampleDeviceProfileSelector.uplugin
LogPluginManager: Loaded Plugin GearVR, From C:/Program Files/Epic Games/UE_4.14/Engine/Plugins/Runtime/GearVR/GearVR.uplugin
LogPluginManager: Loaded Plugin GoogleVRController, From C:/Program Files/Epic Games/UE_4.14/Engine/Plugins/Runtime/GoogleVR/GoogleVRController/GoogleVRController.uplugin
LogPluginManager: Loaded Plugin GoogleVRHMD, From C:/Program Files/Epic Games/UE_4.14/Engine/Plugins/Runtime/GoogleVR/GoogleVRHMD/GoogleVRHMD.uplugin
LogPluginManager: Loaded Plugin IOSDeviceProfileSelector, From C:/Program Files/Epic Games/UE_4.14/Engine/Plugins/Runtime/IOSDeviceProfileSelector/IOSDeviceProfileSelector.uplugin
LogPluginManager: Loaded Plugin LeapMotion, From C:/Program Files/Epic Games/UE_4.14/Engine/Plugins/Runtime/LeapMotion/LeapMotion.uplugin
LogPluginManager: Loaded Plugin LinuxDeviceProfileSelector, From C:/Program Files/Epic Games/UE_4.14/Engine/Plugins/Runtime/LinuxDeviceProfileSelector/LinuxDeviceProfileSelector.uplugin
LogPluginManager: Loaded Plugin MIDIDevice, From C:/Program Files/Epic Games/UE_4.14/Engine/Plugins/Runtime/MIDIDevice/MIDIDevice.uplugin
LogPluginManager: Loaded Plugin MobilePatchingUtils, From C:/Program Files/Epic Games/UE_4.14/Engine/Plugins/Runtime/MobilePatchingUtils/MobilePatchingUtils.uplugin
LogPluginManager: Loaded Plugin Ansel, From C:/Program Files/Epic Games/UE_4.14/Engine/Plugins/Runtime/Nvidia/Ansel/Ansel.uplugin
LogPluginManager: Loaded Plugin OculusAudio, From C:/Program Files/Epic Games/UE_4.14/Engine/Plugins/Runtime/OculusAudio/OculusAudio.uplugin
LogPluginManager: Loaded Plugin OculusInput, From C:/Program Files/Epic Games/UE_4.14/Engine/Plugins/Runtime/OculusInput/OculusInput.uplugin
LogPluginManager: Loaded Plugin OculusLibrary, From C:/Program Files/Epic Games/UE_4.14/Engine/Plugins/Runtime/OculusLibrary/OculusLibrary.uplugin
LogPluginManager: Loaded Plugin OculusRift, From C:/Program Files/Epic Games/UE_4.14/Engine/Plugins/Runtime/OculusRift/OculusRift.uplugin
LogPluginManager: Loaded Plugin Oodle, From C:/Program Files/Epic Games/UE_4.14/Engine/Plugins/Runtime/PacketHandlers/CompressionComponents/Oodle/Oodle.uplugin
LogPluginManager: Loaded Plugin ProceduralMeshComponent, From C:/Program Files/Epic Games/UE_4.14/Engine/Plugins/Runtime/ProceduralMeshComponent/ProceduralMeshComponent.uplugin
LogPluginManager: Loaded Plugin SoundMod, From C:/Program Files/Epic Games/UE_4.14/Engine/Plugins/Runtime/SoundMod/SoundMod.uplugin
LogPluginManager: Loaded Plugin SoundVisualizations, From C:/Program Files/Epic Games/UE_4.14/Engine/Plugins/Runtime/SoundVisualizations/SoundVisualizations.uplugin
LogPluginManager: Loaded Plugin SteamController, From C:/Program Files/Epic Games/UE_4.14/Engine/Plugins/Runtime/Steam/SteamController/SteamController.uplugin
LogPluginManager: Loaded Plugin SteamVR, From C:/Program Files/Epic Games/UE_4.14/Engine/Plugins/Runtime/Steam/SteamVR/SteamVR.uplugin
LogPluginManager: Loaded Plugin WebBrowserWidget, From C:/Program Files/Epic Games/UE_4.14/Engine/Plugins/Runtime/WebBrowserWidget/WebBrowserWidget.uplugin
LogPluginManager: Loaded Plugin WindowsDeviceProfileSelector, From C:/Program Files/Epic Games/UE_4.14/Engine/Plugins/Runtime/WindowsDeviceProfileSelector/WindowsDeviceProfileSelector.uplugin
LogPluginManager: Loaded Plugin WindowsMoviePlayer, From C:/Program Files/Epic Games/UE_4.14/Engine/Plugins/Runtime/WindowsMoviePlayer/WindowsMoviePlayer.uplugin
LogPluginManager: Loaded Plugin ScriptPlugin, From C:/Program Files/Epic Games/UE_4.14/Engine/Plugins/ScriptPlugin/ScriptPlugin.uplugin
LogPluginManager: Loaded Plugin SlateRemote, From C:/Program Files/Epic Games/UE_4.14/Engine/Plugins/Slate/SlateRemote/SlateRemote.uplugin
LogPluginManager: Loaded Plugin EditorTests, From C:/Program Files/Epic Games/UE_4.14/Engine/Plugins/Tests/EditorTests/EditorTests.uplugin
LogPluginManager: Loaded Plugin FbxAutomationTestBuilder, From C:/Program Files/Epic Games/UE_4.14/Engine/Plugins/Tests/FbxAutomationTestBuilder/FbxAutomationTestBuilder.uplugin
LogPluginManager: Loaded Plugin FunctionalTestingEditor, From C:/Program Files/Epic Games/UE_4.14/Engine/Plugins/Tests/FunctionalTestingEditor/FunctionalTestingEditor.uplugin
LogPluginManager: Loaded Plugin RuntimeTests, From C:/Program Files/Epic Games/UE_4.14/Engine/Plugins/Tests/RuntimeTests/RuntimeTests.uplugin
LogPluginManager: Loaded Plugin ScreenshotTools, From C:/Program Files/Epic Games/UE_4.14/Engine/Plugins/Tests/ScreenshotTools/ScreenshotTools.uplugin
LogInit: Using libcurl 7.47.1
LogInit:  - built for x86_64-pc-win32
LogInit:  - supports SSL with OpenSSL/1.0.2g
LogInit:  - supports HTTP deflate (compression) using libz 1.2.8
LogInit:  - other features:
LogInit:      CURL_VERSION_SSL
LogInit:      CURL_VERSION_LIBZ
LogInit:      CURL_VERSION_IPV6
LogInit:      CURL_VERSION_ASYNCHDNS
LogInit:      CURL_VERSION_LARGEFILE
LogInit:      CURL_VERSION_IDN
LogInit:  CurlRequestOptions (configurable via config and command line):
LogInit:  - bVerifyPeer = false  - Libcurl will NOT verify peer certificate
LogInit:  - bUseHttpProxy = false  - Libcurl will NOT use HTTP proxy
LogInit:  - bDontReuseConnections = false  - Libcurl will reuse connections
LogInit:  - CertBundlePath = nullptr  - Libcurl will use whatever was configured at build time.
LogInit: Build: ++UE4+Release-4.14-CL-3249277
LogInit: Engine Version: 4.14.3-3249277+++UE4+Release-4.14
LogInit: Compatible Engine Version: 4.14.0-3195953+++UE4+Release-4.14
LogInit: Net CL: 3195953
LogDevObjectVersion: Number of dev versions registered: 13
LogDevObjectVersion:   Dev-Blueprints (B0D832E4-1F89-4F0D-ACCF-7EB736FD4AA2): 7
LogDevObjectVersion:   Dev-Build (E1C64328-A22C-4D53-A36C-8E866417BD8C): 0
LogDevObjectVersion:   Dev-Core (375EC13C-06E4-48FB-B500-84F0262A717E): 1
LogDevObjectVersion:   Dev-Editor (E4B068ED-F494-42E9-A231-DA0B2E46BB41): 8
LogDevObjectVersion:   Dev-Framework (CFFC743F-43B0-4480-9391-14DF171D2073): 17
LogDevObjectVersion:   Dev-Mobile (B02B49B5-BB20-44E9-A304-32B752E40360): 0
LogDevObjectVersion:   Dev-Networking (A4E4105C-59A1-49B5-A7C5-40C4547EDFEE): 0
LogDevObjectVersion:   Dev-Online (39C831C9-5AE6-47DC-9A44-9C173E1C8E7C): 0
LogDevObjectVersion:   Dev-Physics (78F01B33-EBEA-4F98-B9B4-84EACCB95AA2): 0
LogDevObjectVersion:   Dev-Platform (6631380F-2D4D-43E0-8009-CF276956A95A): 0
LogDevObjectVersion:   Dev-Rendering (12F88B9F-8875-4AFC-A67C-D90C383ABD29): 12
LogDevObjectVersion:   Dev-Sequencer (7B5AE74C-D270-4C10-A958-57980B212A5A): 1
LogDevObjectVersion:   Dev-VR (D7296918-1DD6-4BDD-9DE2-64A83CC13884): 0
LogInit: Compiled (64-bit): Jan  6 2017 10:49:43
LogInit: Compiled with Visual C++: 19.00.23026.00
LogInit: Build Configuration: Development
LogInit: Branch Name: ++UE4+Release-4.14
LogInit: Command line: -EpicPortal 
LogInit: Base directory: C:/Program Files/Epic Games/UE_4.14/Engine/Binaries/Win64/
LogInit: Installed Engine Build: 1
LogInit: Presizing for max 8388607 objects, including 0 objects not considered by GC, pre-allocating 0 bytes for permanent pool.
LogInit: Object subsystem initialized
[2017.02.20-22.22.39:059][  0]LogInit: Selected Device Profile: [Windows]
[2017.02.20-22.22.39:059][  0]LogInit: Applying CVar settings loaded from the selected device profile: [Windows]
[2017.02.20-22.22.39:069][  0]LogInit: Computer: N-PC
[2017.02.20-22.22.39:069][  0]LogInit: User: N
[2017.02.20-22.22.39:069][  0]LogInit: CPU Page size=65536, Cores=6
[2017.02.20-22.22.39:069][  0]LogInit: High frequency timer resolution =3.637226 MHz
[2017.02.20-22.22.39:069][  0]LogMemory: Memory total: Physical=12.0GB (12GB approx)
[2017.02.20-22.22.39:069][  0]LogMemory: Platform Memory Stats for Windows
[2017.02.20-22.22.39:069][  0]LogMemory: Process Physical Memory: 264.39 MB used, 264.39 MB peak
[2017.02.20-22.22.39:069][  0]LogMemory: Process Virtual Memory: 264.77 MB used, 264.77 MB peak
[2017.02.20-22.22.39:069][  0]LogMemory: Physical Memory: 2782.21 MB used,  9468.22 MB free, 12250.44 MB total
[2017.02.20-22.22.39:069][  0]LogMemory: Virtual Memory: 661.25 MB used,  9468.22 MB free, 8388608.00 MB total
[2017.02.20-22.22.39:101][  0]LogTextLocalizationManager: No specific translations for ('en-IE') exist, so ('en') translations will be used.
[2017.02.20-22.22.39:846][  0]LogD3D11RHI: D3D11 adapters:
[2017.02.20-22.22.39:886][  0]LogD3D11RHI:    0. 'NVIDIA GeForce GTX 970' (Feature Level 11_0)
[2017.02.20-22.22.39:886][  0]LogD3D11RHI:       4007/0/5869 MB DedicatedVideo/DedicatedSystem/SharedSystem, Outputs:2, VendorId:0x10de
[2017.02.20-22.22.39:886][  0]LogD3D11RHI: Chosen D3D11 Adapter: 0
[2017.02.20-22.22.39:893][  0]LogD3D11RHI: Creating new Direct3DDevice
[2017.02.20-22.22.39:894][  0]LogD3D11RHI:     GPU DeviceId: 0x13c2 (for the marketing name, search the web for "GPU Device Id")
[2017.02.20-22.22.39:894][  0]LogWindows: EnumDisplayDevices:
[2017.02.20-22.22.39:894][  0]LogWindows:    0. 'NVIDIA GeForce GTX 970' (P:1 D:1)
[2017.02.20-22.22.39:894][  0]LogWindows:    1. 'NVIDIA GeForce GTX 970' (P:0 D:1)
[2017.02.20-22.22.39:894][  0]LogWindows:    2. 'NVIDIA GeForce GTX 970' (P:0 D:0)
[2017.02.20-22.22.39:894][  0]LogWindows:    3. 'NVIDIA GeForce GTX 970' (P:0 D:0)
[2017.02.20-22.22.39:894][  0]LogWindows:    4. 'RDPDD Chained DD' (P:0 D:0)
[2017.02.20-22.22.39:894][  0]LogWindows:    5. 'RDP Encoder Mirror Driver' (P:0 D:0)
[2017.02.20-22.22.39:894][  0]LogWindows:    6. 'RDP Reflector Display Driver' (P:0 D:0)
[2017.02.20-22.22.39:894][  0]LogWindows: DebugString: GetVideoDriverDetailsInvalid PrimaryIsNotTheChoosenAdapter GetVideoDriverDetailsInvalid PrimaryIsNotTheChoosenAdapter GetVideoDriverDetailsInvalid PrimaryIsNotTheChoosenAdapter FoundDriverCount:4 
[2017.02.20-22.22.39:894][  0]LogD3D11RHI:     Adapter Name: NVIDIA GeForce GTX 970
[2017.02.20-22.22.39:894][  0]LogD3D11RHI:   Driver Version: 376.33 (internal:21.21.13.7633, unified:376.33)
[2017.02.20-22.22.39:894][  0]LogD3D11RHI:      Driver Date: 12-11-2016
[2017.02.20-22.22.39:894][  0]LogRHI: Texture pool is 1361 MB (70% of 1945 MB)
[2017.02.20-22.22.39:905][  0]LogD3D11RHI: Async texture creation enabled
[2017.02.20-22.22.39:920][  0]LogD3D11RHI: GPU Timing Frequency: 1000.000000 (Debug: 2 2)
[2017.02.20-22.22.39:920][  0]LogShaderCompilers: Guid format shader working directory is -16 characters bigger than the processId version (../../../../../../Users/N/Projects/Unreal Projects/Gitters/Intermediate/Shaders/WorkingDirectory/2872/).
[2017.02.20-22.22.39:920][  0]LogShaderCompilers: Cleaned the shader compiler working directory 'C:/Users/N/AppData/Local/Temp/UnrealShaderWorkingDir/6263537642F053151983B7BCFBF6C495/'.
[2017.02.20-22.22.39:920][  0]LogShaderCompilers:Display: Using Local Shader Compiler.
[2017.02.20-22.22.43:270][  0]LogTemp:Display: Loaded TP AllDesktopTargetPlatform
[2017.02.20-22.22.43:332][  0]LogTemp:Display: Loaded TP MacClientTargetPlatform
[2017.02.20-22.22.43:394][  0]LogTemp:Display: Loaded TP MacNoEditorTargetPlatform
[2017.02.20-22.22.43:457][  0]LogTemp:Display: Loaded TP MacServerTargetPlatform
[2017.02.20-22.22.43:519][  0]LogTemp:Display: Loaded TP MacTargetPlatform
[2017.02.20-22.22.43:582][  0]LogTemp:Display: Loaded TP WindowsClientTargetPlatform
[2017.02.20-22.22.43:645][  0]LogTemp:Display: Loaded TP WindowsNoEditorTargetPlatform
[2017.02.20-22.22.43:707][  0]LogTemp:Display: Loaded TP WindowsServerTargetPlatform
[2017.02.20-22.22.43:757][  0]LogTemp:Display: Loaded TP WindowsTargetPlatform
[2017.02.20-22.22.43:819][  0]LogTemp:Display: Loaded TP AndroidTargetPlatform
[2017.02.20-22.22.43:880][  0]LogTemp:Display: Loaded TP Android_ASTCTargetPlatform
[2017.02.20-22.22.43:941][  0]LogTemp:Display: Loaded TP Android_ATCTargetPlatform
[2017.02.20-22.22.44:002][  0]LogTemp:Display: Loaded TP Android_DXTTargetPlatform
[2017.02.20-22.22.44:064][  0]LogTemp:Display: Loaded TP Android_ETC1TargetPlatform
[2017.02.20-22.22.44:125][  0]LogTemp:Display: Loaded TP Android_ETC2TargetPlatform
[2017.02.20-22.22.44:247][  0]LogTemp:Display: Loaded TP Android_MultiTargetPlatform
[2017.02.20-22.22.44:247][  0]LogTemp:Display: Loaded TP Android_PVRTCTargetPlatform
[2017.02.20-22.22.44:287][  0]LogTemp:Display: Loaded TP HTML5TargetPlatform
[2017.02.20-22.22.44:380][  0]LogTemp:Display: Loaded TP IOSTargetPlatform
[2017.02.20-22.22.44:421][  0]LogTemp:Display: Loaded TP TVOSTargetPlatform
[2017.02.20-22.22.44:482][  0]LogTemp:Display: Loaded TP LinuxClientTargetPlatform
[2017.02.20-22.22.44:543][  0]LogTemp:Display: Loaded TP LinuxNoEditorTargetPlatform
[2017.02.20-22.22.44:604][  0]LogTemp:Display: Loaded TP LinuxServerTargetPlatform
[2017.02.20-22.22.44:665][  0]LogTemp:Display: Loaded TP LinuxTargetPlatform
[2017.02.20-22.22.44:665][  0]LogTargetPlatformManager:Display: Building Assets For Windows
[2017.02.20-22.22.45:076][  0]LogDerivedDataCache:Display: Max Cache Size: 512 MB
[2017.02.20-22.22.45:184][  0]LogDerivedDataCache: Loaded boot cache 0.11s 50MB C:/Users/N/AppData/Local/UnrealEngine/4.14/DerivedDataCache/Boot.ddc.
[2017.02.20-22.22.45:184][  0]LogDerivedDataCache:Display: Loaded Boot cache: C:/Users/N/AppData/Local/UnrealEngine/4.14/DerivedDataCache/Boot.ddc
[2017.02.20-22.22.45:184][  0]LogDerivedDataCache: FDerivedDataBackendGraph:  Pak pak cache file ../../../../../../Users/N/Projects/Unreal Projects/Gitters/DerivedDataCache/DDC.ddp not found, will not use a pak cache.
[2017.02.20-22.22.45:184][  0]LogDerivedDataCache: Unable to find inner node Pak for hierarchical cache Hierarchy.
[2017.02.20-22.22.45:184][  0]LogDerivedDataCache: FDerivedDataBackendGraph:  CompressedPak pak cache file ../../../../../../Users/N/Projects/Unreal Projects/Gitters/DerivedDataCache/Compressed.ddp not found, will not use a pak cache.
[2017.02.20-22.22.45:184][  0]LogDerivedDataCache: Unable to find inner node CompressedPak for hierarchical cache Hierarchy.
[2017.02.20-22.22.45:208][  0]LogDerivedDataCache:Display: Pak cache opened for reading ../../../Engine/DerivedDataCache/Compressed.ddp.
[2017.02.20-22.22.45:219][  0]LogDerivedDataCache: Using Local data cache path C:/Users/N/AppData/Local/UnrealEngine/Common/DerivedDataCache: Writable
[2017.02.20-22.22.45:494][  0]LogInit: Selected Device Profile: [Windows]
[2017.02.20-22.22.45:498][  0]LogContentStreaming: Texture pool size is 0.00 MB
[2017.02.20-22.22.45:733][  0]LogMeshUtilities: Using QuadricMeshReduction for automatic static mesh reduction
[2017.02.20-22.22.45:779][  0]LogSimplygon: Simplygon DLL not present - disabling.
[2017.02.20-22.22.45:826][  0]LogMeshUtilities: Using SimplygonSwarm for distributed automatic mesh merging
[2017.02.20-22.22.45:826][  0]LogMeshUtilities: No automatic skeletal mesh reduction module available
[2017.02.20-22.22.45:826][  0]LogMeshUtilities: No automatic mesh merging module available
[2017.02.20-22.22.46:519][  0]LogNetVersion: GetLocalNetworkVersion: CL: 3195953, ProjectName: gitters, ProjectVersion: , EngineNetworkVersion: 2, GameNetworkVersion: 0, NetworkChecksum: 4190532950
[2017.02.20-22.22.46:576][  0]LogAssetRegistry: FAssetRegistry took 0.0201 seconds to start up
[2017.02.20-22.22.46:620][  0]LogPackageLocalizationCache: Processed 3 localized package path(s) for 2 prioritized culture(s) in 0.028518 seconds
[2017.02.20-22.22.46:630][  0]LogUObjectArray: 31946 objects as part of root set at end of initial load.
[2017.02.20-22.22.46:630][  0]LogUObjectAllocator: 6935840 out of 0 bytes used by permanent object pool.
[2017.02.20-22.22.46:630][  0]LogUObjectArray: CloseDisregardForGC: 0/0 objects in disregard for GC pool
[2017.02.20-22.22.46:695][  0]LogInit: WinSock: version 1.1 (2.2), MaxSocks=32767, MaxUdp=65467
[2017.02.20-22.22.47:519][  0]LogSlate: Using Freetype 2.6.0
[2017.02.20-22.22.47:520][  0]LogSlate: SlateFontCache - WITH_FREETYPE: 1, WITH_HARFBUZZ: 1
[2017.02.20-22.22.47:520][  0]LogSlate: SlateFontCache - WITH_FREETYPE: 1, WITH_HARFBUZZ: 1
[2017.02.20-22.22.48:414][  0]LogTcpMessaging: Initializing TcpMessaging bridge
[2017.02.20-22.22.48:453][  0]LogUdpMessaging: Initializing bridge on interface 0.0.0.0:0 to multicast group 230.0.0.1:6666.
[2017.02.20-22.22.48:855][  0]LogMaterial: Uniform references updated for custom material expression Custom.
[2017.02.20-22.22.49:248][  0]SourceControl: Info Source control is disabled
[2017.02.20-22.22.50:895][  0]LogEngine: Initializing Engine...
[2017.02.20-22.22.50:895][  0]LogHMD: Failed to initialize OpenVR with code 110
[2017.02.20-22.22.51:169][  0]LogAIModule: Creating AISystem for world Untitled
[2017.02.20-22.22.51:183][  0]LogInit: XAudio2 using 'Speakers (Realtek High Definition Audio)' : 2 channels at 48 kHz using 32 bits per sample (channel mask 0x3)
[2017.02.20-22.22.51:209][  0]LogInit: FAudioDevice initialized.
[2017.02.20-22.22.51:253][  0]LogDerivedDataCache: Saved boot cache 0.04s 50MB C:/Users/N/AppData/Local/UnrealEngine/4.14/DerivedDataCache/Boot.ddc.
[2017.02.20-22.22.51:273][  0]LogInit: Texture streaming: Enabled
[2017.02.20-22.22.51:463][  0]LogInit: Transaction tracking system initialized
[2017.02.20-22.22.51:812][  0]BlueprintLog: New page: Editor Load
[2017.02.20-22.22.52:713][  0]LocalizationService: Info Localization service is disabled
[2017.02.20-22.22.53:386][  0]LogConsoleResponse:Display: 
[2017.02.20-22.22.53:547][  0]LogCook:Display: Max memory allowance for cook 16384mb min free memory 0mb
[2017.02.20-22.22.53:547][  0]LogCook:Display: Mobile HDR setting 1
[2017.02.20-22.22.54:457][  0]LogFileCache: Scanning file cache for directory 'C:/Users/N/Projects/Unreal Projects/Gitters/Content/' took 0.01s
[2017.02.20-22.22.54:580][  0]Cmd: MAP LOAD FILE="../../../Engine/Content/Maps/Templates/Template_Default.umap" TEMPLATE=1 SHOWPROGRESS=1 FEATURELEVEL=3
[2017.02.20-22.22.54:581][  0]LightingResults: New page: Lighting Build
[2017.02.20-22.22.54:622][  0]MapCheck: New page: Map Check
[2017.02.20-22.22.54:622][  0]LightingResults: New page: Lighting Build
[2017.02.20-22.22.54:905][  0]LogAIModule: Creating AISystem for world Untitled_1
[2017.02.20-22.22.54:906][  0]LogActorComponent: RegisterComponentWithWorld: (/Temp/Untitled_1.Untitled_1:PersistentLevel.WorldSettings_1.StaticMeshComponent0) Trying to register component with IsPendingKill() == true. Aborting.
[2017.02.20-22.22.54:911][  0]LogEditorServer: Finished looking for orphan Actors (0.000 secs)
[2017.02.20-22.22.54:915][  0]Cmd: MAP CHECKDEP NOCLEARLOG
[2017.02.20-22.22.54:954][  0]MapCheck: Info Map check complete: 0 Error(s), 0 Warning(s), took 38.493ms to complete.
[2017.02.20-22.22.54:954][  0]LogFileHelpers: Loading map 'Template_Default' took 0.374
[2017.02.20-22.22.55:202][  0]LogCollectionManager: Loaded 0 collections in 0.001759 seconds
[2017.02.20-22.22.55:279][  0]LogFileCache: Scanning file cache for directory 'C:/Users/N/Projects/Unreal Projects/Gitters/Saved/Collections/' took 0.01s
[2017.02.20-22.22.55:279][  0]LogFileCache: Scanning file cache for directory 'C:/Users/N/Projects/Unreal Projects/Gitters/Content/Developers/N/Collections/' took 0.01s
[2017.02.20-22.22.55:279][  0]LogFileCache: Scanning file cache for directory 'C:/Users/N/Projects/Unreal Projects/Gitters/Content/Collections/' took 0.01s
[2017.02.20-22.22.55:279][  0]LogCollectionManager: Rebuilt the GUID cache for 0 collections in 0.000002 seconds
[2017.02.20-22.22.55:292][  0]LogContentBrowser: Native class hierarchy populated in 0.0131 seconds. Added 2192 classes and 430 folders.
[2017.02.20-22.22.55:334][  0]LogStats: UGameplayTagsManager::ConstructGameplayTagTree: Construct from data asset -  0.000 s
[2017.02.20-22.22.55:334][  0]LogStats: UGameplayTagsManager::ConstructGameplayTagTree: GameplayTagTreeChangedEvent.Broadcast -  0.000 s
[2017.02.20-22.22.55:335][  0]LogContentBrowser: Native class hierarchy updated for 'GameplayTags' in 0.0013 seconds. Added 13 classes and 0 folders.
[2017.02.20-22.22.55:411][  0]LogContentBrowser: Native class hierarchy updated for 'WidgetCarousel' in 0.0012 seconds. Added 0 classes and 0 folders.
[2017.02.20-22.22.56:146][  0]LogContentBrowser: Native class hierarchy updated for 'AddContentDialog' in 0.0012 seconds. Added 0 classes and 0 folders.
[2017.02.20-22.22.56:230][  0]LogContentBrowser: Native class hierarchy updated for 'SceneOutliner' in 0.0012 seconds. Added 1 classes and 2 folders.
[2017.02.20-22.22.56:292][  0]LogCrashTracker: Crashtracker disabled due to settings.
[2017.02.20-22.22.56:322][  0]LogUObjectGlobals:Warning: Failed to find object 'Class None.'
[2017.02.20-22.22.56:387][  0]LogContentBrowser: Native class hierarchy updated for 'HierarchicalLODOutliner' in 0.0013 seconds. Added 1 classes and 2 folders.
[2017.02.20-22.22.56:388][  0]LogLoad: (Engine Initialization) Total time: 19.32 seconds
[2017.02.20-22.22.56:388][  0]LogLoad: (Engine Initialization) Total Blueprint compile time: 0.11 seconds
[2017.02.20-22.22.56:388][  0]LogExternalProfiler: Found external profiler: VSPerf
[2017.02.20-22.22.56:388][  0]LogExternalProfiler: Using external profiler: VSPerf
[2017.02.20-22.22.56:726][  0]LogOcInput: OculusInput pre-init called
[2017.02.20-22.22.56:763][  0]SourceControl:Error: Error git-lfs filter-process: git-lfs: command not found
[2017.02.20-22.22.56:763][  0]SourceControl:Error: Error fatal: The remote end hung up unexpectedly
[2017.02.20-22.22.56:763][  0]LogContentStreaming: Texture pool size now 1000 MB
[2017.02.20-22.22.57:059][  1]LogRenderer: Reallocating scene render targets to support 1312x896 NumSamples 1 (Frame:2).
[2017.02.20-22.22.57:059][  1]LogFileCache: Retrieving MD5 hashes for directory 'C:/Users/N/Projects/Unreal Projects/Gitters/Content/' took 0.32s
[2017.02.20-22.22.57:069][  1]LogAssetRegistry: Asset discovery search completed in 10.5203 seconds
[2017.02.20-22.22.57:070][  1]LogCollectionManager: Rebuilt the object cache for 0 collections in 0.000001 seconds (found 0 objects)
[2017.02.20-22.22.57:070][  1]LogCollectionManager: Fixed up redirectors for 0 collections in 0.000021 seconds (updated 0 objects)
[2017.02.20-22.25.54:200][712]Cmd: MAP LOAD FILE="../../../../../../Users/N/Projects/Unreal Projects/Gitters/Content/level0.umap" TEMPLATE=0 SHOWPROGRESS=1 FEATURELEVEL=3
[2017.02.20-22.25.54:224][712]LightingResults: New page: Lighting Build
[2017.02.20-22.25.54:225][712]LoadErrors: New page: Loading map: level0.umap
[2017.02.20-22.25.54:235][712]MapCheck: New page: Map Check
[2017.02.20-22.25.54:235][712]LightingResults: New page: Lighting Build
[2017.02.20-22.25.54:329][712]LogAIModule: Creating AISystem for world level0
[2017.02.20-22.25.54:343][712]LogEditorServer: Finished looking for orphan Actors (0.000 secs)
[2017.02.20-22.25.54:378][712]Cmd: MAP CHECKDEP NOCLEARLOG
[2017.02.20-22.25.54:417][712]MapCheck: Info Map check complete: 0 Error(s), 0 Warning(s), took 38.883ms to complete.
[2017.02.20-22.25.54:417][712]LogFileHelpers: Loading map 'level0' took 0.220
[2017.02.20-22.26.23:078][430]LogVSAccessor:Warning: Visual Studio is open but could not be queried - it may be blocked by a modal operation
[2017.02.20-22.26.23:128][431]LogVSAccessor:Warning: Visual Studio is open but could not be queried - it may be blocked by a modal operation
[2017.02.20-22.26.28:053][432]LogVSAccessor:Warning: Couldn't goto line number '0' in 'C:/Users/N/Projects/Unreal Projects/Gitters/Source/Gitters/Defender.h'
[2017.02.20-22.26.28:880][432]LogVSAccessor:Warning: Couldn't goto line number '0' in 'C:/Users/N/Projects/Unreal Projects/Gitters/Source/Gitters/Defender.cpp'
[2017.02.20-22.34.11:049][166]LogSlate: Only BGRA pngs, bmps or icos are supported in by External Image Picker
[2017.02.20-22.34.11:233][167]LogTemp:Display: Executing iPhonePackager certificates Engine -bundlename com.YourCompany.Gitters

[2017.02.20-22.34.11:233][167]LogTemp:Display: CWD: C:\Program Files\Epic Games\UE_4.14\Engine\Binaries\DotNet\IOS

[2017.02.20-22.34.11:233][167]LogTemp:Display: Initial Dir: C:\Program Files\Epic Games\UE_4.14

[2017.02.20-22.34.11:233][167]LogTemp:Display: Env CWD: C:\Program Files\Epic Games\UE_4.14\Engine\Binaries\DotNet\IOS

[2017.02.20-22.34.11:233][167]LogTemp:Display: BranchPath = N-PC/C/Program Files/Epic Games/UE_4.14/Engine/Binaries --- GameBranchPath = N-PC/C/Program Files/Epic Games/UE_4.14/Engine/Binaries

[2017.02.20-22.34.11:233][167]LogTemp:Display: IPP ERROR: Application exception: System.IO.DirectoryNotFoundException: Could not find a part of the path 'C:\Users\N\AppData\Local\Apple Computer\MobileDevice\Provisioning Profiles'.

[2017.02.20-22.34.11:233][167]LogTemp:Display:    at System.IO.__Error.WinIOError(Int32 errorCode, String maybeFullPath)

[2017.02.20-22.34.11:233][167]LogTemp:Display:    at System.IO.FileSystemEnumerableIterator`1.CommonInit()

[2017.02.20-22.34.11:233][167]LogTemp:Display:    at System.IO.FileSystemEnumerableIterator`1..ctor(String path, String originalUserPath, String searchPattern, SearchOption searchOption, SearchResultHandler`1 resultHandler, Boolean checkHost)

[2017.02.20-22.34.11:233][167]LogTemp:Display:    at System.IO.Directory.EnumerateFiles(String path, String searchPattern)

[2017.02.20-22.34.11:233][167]LogTemp:Display:    at iPhonePackager.CodeSignatureBuilder.FindProvisions(String CFBundleIdentifier)

[2017.02.20-22.34.11:233][167]LogTemp:Display:    at iPhonePackager.Program.Main(String[] args)

[2017.02.20-22.37.40:989][728]Cmd: OBJ SAVEPACKAGE PACKAGE="/Game/level0" FILE="../../../../../../Users/N/Projects/Unreal Projects/Gitters/Content/level0.umap" SILENT=true AUTOSAVING=false KEEPDIRTY=false
[2017.02.20-22.37.41:048][728]LogSavePackage: Save=41.65ms
[2017.02.20-22.37.41:048][728]LogSavePackage: Moving '../../../../../../Users/N/Projects/Unreal Projects/Gitters/Saved/level01086AC394B85C3F510E8059873ACDED0.tmp' to '../../../../../../Users/N/Projects/Unreal Projects/Gitters/Content/level0.umap'
[2017.02.20-22.37.41:049][728]LogSavePackage:Display: Finished SavePackage ../../../../../../Users/N/Projects/Unreal Projects/Gitters/Content/level0.umap
[2017.02.20-22.57.51:031][463]LogSlate: Only BGRA pngs, bmps or icos are supported in by External Image Picker
[2017.02.20-22.57.51:089][464]LogTemp:Display: Executing iPhonePackager certificates Engine -bundlename com.YourCompany.Gitters

[2017.02.20-22.57.51:089][464]LogTemp:Display: CWD: C:\Program Files\Epic Games\UE_4.14\Engine\Binaries\DotNet\IOS

[2017.02.20-22.57.51:089][464]LogTemp:Display: Initial Dir: C:\Program Files\Epic Games\UE_4.14

[2017.02.20-22.57.51:089][464]LogTemp:Display: Env CWD: C:\Program Files\Epic Games\UE_4.14\Engine\Binaries\DotNet\IOS

[2017.02.20-22.57.51:089][464]LogTemp:Display: BranchPath = N-PC/C/Program Files/Epic Games/UE_4.14/Engine/Binaries --- GameBranchPath = N-PC/C/Program Files/Epic Games/UE_4.14/Engine/Binaries

[2017.02.20-22.57.51:109][465]LogTemp:Display: IPP ERROR: Application exception: System.IO.DirectoryNotFoundException: Could not find a part of the path 'C:\Users\N\AppData\Local\Apple Computer\MobileDevice\Provisioning Profiles'.

[2017.02.20-22.57.51:109][465]LogTemp:Display:    at System.IO.__Error.WinIOError(Int32 errorCode, String maybeFullPath)

[2017.02.20-22.57.51:109][465]LogTemp:Display:    at System.IO.FileSystemEnumerableIterator`1.CommonInit()

[2017.02.20-22.57.51:109][465]LogTemp:Display:    at System.IO.FileSystemEnumerableIterator`1..ctor(String path, String originalUserPath, String searchPattern, SearchOption searchOption, SearchResultHandler`1 resultHandler, Boolean checkHost)

[2017.02.20-22.57.51:109][465]LogTemp:Display:    at System.IO.Directory.EnumerateFiles(String path, String searchPattern)

[2017.02.20-22.57.51:109][465]LogTemp:Display:    at iPhonePackager.CodeSignatureBuilder.FindProvisions(String CFBundleIdentifier)

[2017.02.20-22.57.51:109][465]LogTemp:Display:    at iPhonePackager.Program.Main(String[] args)

[2017.02.20-23.09.17:989][361]LogTemp: Repeting last play command: Selected Viewport
[2017.02.20-23.09.18:012][361]LogPlayLevel: PlayLevel: No blueprints needed recompiling
[2017.02.20-23.09.18:012][361]PIE: New page: PIE session: level0 (20 Feb 2017 23:09:18)
[2017.02.20-23.09.18:013][361]LogPlayLevel: Creating play world package: /Game/UEDPIE_0_level0
[2017.02.20-23.09.18:018][361]LogPlayLevel: PIE: StaticDuplicateObject took: (0.005280s)
[2017.02.20-23.09.18:019][361]LogAIModule: Creating AISystem for world level0
[2017.02.20-23.09.18:020][361]LogPlayLevel: PIE: World Init took: (0.001726s)
[2017.02.20-23.09.18:020][361]LogPlayLevel: PIE: Created PIE world by copying editor world from /Game/level0.level0 to /Game/UEDPIE_0_level0.level0 (0.007366s)
[2017.02.20-23.09.18:038][361]LogInit: XAudio2 using 'Speakers (Realtek High Definition Audio)' : 2 channels at 48 kHz using 32 bits per sample (channel mask 0x3)
[2017.02.20-23.09.18:047][361]LogInit: FAudioDevice initialized.
[2017.02.20-23.09.18:140][361]LogLoad: Game class is 'GameModeBase'
[2017.02.20-23.09.18:148][361]LogWorld: Bringing World /Game/UEDPIE_0_level0.level0 up for play (max tick rate 0) at 2017.02.20-23.09.18
[2017.02.20-23.09.18:149][361]LogWorld: Bringing up level for play took: 0.003711
[2017.02.20-23.09.18:259][361]LogContentBrowser: Native class hierarchy updated for 'MovieSceneCapture' in 0.0044 seconds. Added 11 classes and 0 folders.
[2017.02.20-23.09.18:261][361]PIE: Info Play in editor start time for /Game/UEDPIE_0_level0 -0.69
[2017.02.20-23.12.43:155][180]LogTemp: Repeting last play command: Selected Viewport
[2017.02.20-23.12.43:188][180]LogPlayLevel: PlayLevel: No blueprints needed recompiling
[2017.02.20-23.12.43:188][180]PIE: New page: PIE session: level0 (20 Feb 2017 23:12:43)
[2017.02.20-23.12.43:189][180]LogPlayLevel: Creating play world package: /Game/UEDPIE_0_level0
[2017.02.20-23.12.43:193][180]LogPlayLevel: PIE: StaticDuplicateObject took: (0.004292s)
[2017.02.20-23.12.43:194][180]LogAIModule: Creating AISystem for world level0
[2017.02.20-23.12.43:194][180]LogPlayLevel: PIE: World Init took: (0.001550s)
[2017.02.20-23.12.43:195][180]LogPlayLevel: PIE: Created PIE world by copying editor world from /Game/level0.level0 to /Game/UEDPIE_0_level0.level0 (0.006197s)
[2017.02.20-23.12.43:214][180]LogInit: XAudio2 using 'Speakers (Realtek High Definition Audio)' : 2 channels at 48 kHz using 32 bits per sample (channel mask 0x3)
[2017.02.20-23.12.43:222][180]LogInit: FAudioDevice initialized.
[2017.02.20-23.12.43:253][180]LogLoad: Game class is 'GameModeBase'
[2017.02.20-23.12.43:255][180]LogWorld: Bringing World /Game/UEDPIE_0_level0.level0 up for play (max tick rate 0) at 2017.02.20-23.12.43
[2017.02.20-23.12.43:256][180]LogWorld: Bringing up level for play took: 0.001464
[2017.02.20-23.12.43:257][180]PIE: Info Play in editor start time for /Game/UEDPIE_0_level0 0.302
[2017.02.20-23.22.45:932][688]LogHotReload: New module detected: UE4Editor-Gitters-6232.dll
[2017.02.20-23.22.50:328][702]LogHotReload: Starting Hot-Reload from IDE
[2017.02.20-23.22.50:510][702]LogClass: Could not find existing class Defender in package /Script/Gitters for HotReload, assuming new class
[2017.02.20-23.22.50:588][702]LogHotReload: Re-instancing Defender after hot-reload.
[2017.02.20-23.22.50:700][702]LogContentBrowser: Native class hierarchy updated for 'Gitters' in 0.0014 seconds. Added 2 classes and 2 folders.
[2017.02.20-23.22.50:705][702]Display: HotReload successful (0 functions remapped  0 scriptstructs remapped)
[2017.02.20-23.22.50:856][702]LogContentBrowser: Native class hierarchy populated in 0.0138 seconds. Added 2194 classes and 434 folders.
[2017.02.20-23.22.50:869][702]Display: HotReload took  0.5s.
[2017.02.20-23.23.02:203][736]LogEditorViewport: Clicking on Actor (LMB): BP_Sky_Sphere_C (Sky Sphere)
[2017.02.20-23.23.03:152][803]LogEditorViewport: Clicking on Actor (LMB): BP_Sky_Sphere_C (Sky Sphere)
[2017.02.20-23.23.12:388][439]LogTemp: Repeting last play command: Selected Viewport
[2017.02.20-23.23.12:433][439]LogPlayLevel: PlayLevel: No blueprints needed recompiling
[2017.02.20-23.23.12:433][439]PIE: New page: PIE session: level0 (20 Feb 2017 23:23:12)
[2017.02.20-23.23.12:434][439]LogPlayLevel: Creating play world package: /Game/UEDPIE_0_level0
[2017.02.20-23.23.12:438][439]LogPlayLevel: PIE: StaticDuplicateObject took: (0.004067s)
[2017.02.20-23.23.12:439][439]LogAIModule: Creating AISystem for world level0
[2017.02.20-23.23.12:439][439]LogPlayLevel: PIE: World Init took: (0.001426s)
[2017.02.20-23.23.12:439][439]LogPlayLevel: PIE: Created PIE world by copying editor world from /Game/level0.level0 to /Game/UEDPIE_0_level0.level0 (0.005784s)
[2017.02.20-23.23.12:458][439]LogInit: XAudio2 using 'Speakers (Realtek High Definition Audio)' : 2 channels at 48 kHz using 32 bits per sample (channel mask 0x3)
[2017.02.20-23.23.12:464][439]LogInit: FAudioDevice initialized.
[2017.02.20-23.23.12:494][439]LogLoad: Game class is 'GameModeBase'
[2017.02.20-23.23.12:497][439]LogWorld: Bringing World /Game/UEDPIE_0_level0.level0 up for play (max tick rate 0) at 2017.02.20-23.23.12
[2017.02.20-23.23.12:497][439]LogWorld: Bringing up level for play took: 0.001678
[2017.02.20-23.23.12:498][439]PIE: Info Play in editor start time for /Game/UEDPIE_0_level0 -0.462
[2017.02.20-23.24.00:659][975]LogTemp: Repeting last play command: Selected Viewport
[2017.02.20-23.24.00:697][975]LogPlayLevel: PlayLevel: No blueprints needed recompiling
[2017.02.20-23.24.00:697][975]PIE: New page: PIE session: level0 (20 Feb 2017 23:24:00)
[2017.02.20-23.24.00:697][975]LogPlayLevel: Creating play world package: /Game/UEDPIE_0_level0
[2017.02.20-23.24.00:701][975]LogPlayLevel: PIE: StaticDuplicateObject took: (0.003494s)
[2017.02.20-23.24.00:702][975]LogAIModule: Creating AISystem for world level0
[2017.02.20-23.24.00:702][975]LogPlayLevel: PIE: World Init took: (0.001391s)
[2017.02.20-23.24.00:703][975]LogPlayLevel: PIE: Created PIE world by copying editor world from /Game/level0.level0 to /Game/UEDPIE_0_level0.level0 (0.005172s)
[2017.02.20-23.24.00:722][975]LogInit: XAudio2 using 'Speakers (Realtek High Definition Audio)' : 2 channels at 48 kHz using 32 bits per sample (channel mask 0x3)
[2017.02.20-23.24.00:730][975]LogInit: FAudioDevice initialized.
[2017.02.20-23.24.00:763][975]LogLoad: Game class is 'GameModeBase'
[2017.02.20-23.24.00:766][975]LogWorld: Bringing World /Game/UEDPIE_0_level0.level0 up for play (max tick rate 0) at 2017.02.20-23.24.00
[2017.02.20-23.24.00:766][975]LogWorld: Bringing up level for play took: 0.001385
[2017.02.20-23.24.00:767][975]PIE: Info Play in editor start time for /Game/UEDPIE_0_level0 -0.194
[2017.02.20-23.25.20:274][309]LogTemp: Repeting last play command: Selected Viewport
[2017.02.20-23.25.20:318][309]LogPlayLevel: PlayLevel: No blueprints needed recompiling
[2017.02.20-23.25.20:318][309]PIE: New page: PIE session: level0 (20 Feb 2017 23:25:20)
[2017.02.20-23.25.20:318][309]LogPlayLevel: Creating play world package: /Game/UEDPIE_0_level0
[2017.02.20-23.25.20:321][309]LogPlayLevel: PIE: StaticDuplicateObject took: (0.003052s)
[2017.02.20-23.25.20:322][309]LogAIModule: Creating AISystem for world level0
[2017.02.20-23.25.20:322][309]LogPlayLevel: PIE: World Init took: (0.000940s)
[2017.02.20-23.25.20:322][309]LogPlayLevel: PIE: Created PIE world by copying editor world from /Game/level0.level0 to /Game/UEDPIE_0_level0.level0 (0.004209s)
[2017.02.20-23.25.20:341][309]LogInit: XAudio2 using 'Speakers (Realtek High Definition Audio)' : 2 channels at 48 kHz using 32 bits per sample (channel mask 0x3)
[2017.02.20-23.25.20:349][309]LogInit: FAudioDevice initialized.
[2017.02.20-23.25.20:390][309]LogLoad: Game class is 'GameModeBase'
[2017.02.20-23.25.20:397][309]LogWorld: Bringing World /Game/UEDPIE_0_level0.level0 up for play (max tick rate 0) at 2017.02.20-23.25.20
[2017.02.20-23.25.20:398][309]LogWorld: Bringing up level for play took: 0.003852
[2017.02.20-23.25.20:400][309]PIE: Info Play in editor start time for /Game/UEDPIE_0_level0 -0.562
[2017.02.20-23.27.24:716][539]LogTemp: Repeting last play command: Selected Viewport
[2017.02.20-23.27.24:743][539]LogPlayLevel: PlayLevel: No blueprints needed recompiling
[2017.02.20-23.27.24:743][539]PIE: New page: PIE session: level0 (20 Feb 2017 23:27:24)
[2017.02.20-23.27.24:744][539]LogPlayLevel: Creating play world package: /Game/UEDPIE_0_level0
[2017.02.20-23.27.24:748][539]LogPlayLevel: PIE: StaticDuplicateObject took: (0.004217s)
[2017.02.20-23.27.24:750][539]LogAIModule: Creating AISystem for world level0
[2017.02.20-23.27.24:750][539]LogPlayLevel: PIE: World Init took: (0.001702s)
[2017.02.20-23.27.24:750][539]LogPlayLevel: PIE: Created PIE world by copying editor world from /Game/level0.level0 to /Game/UEDPIE_0_level0.level0 (0.006610s)
[2017.02.20-23.27.24:769][539]LogInit: XAudio2 using 'Speakers (Realtek High Definition Audio)' : 2 channels at 48 kHz using 32 bits per sample (channel mask 0x3)
[2017.02.20-23.27.24:777][539]LogInit: FAudioDevice initialized.
[2017.02.20-23.27.24:808][539]LogLoad: Game class is 'GameModeBase'
[2017.02.20-23.27.24:811][539]LogWorld: Bringing World /Game/UEDPIE_0_level0.level0 up for play (max tick rate 0) at 2017.02.20-23.27.24
[2017.02.20-23.27.24:811][539]LogWorld: Bringing up level for play took: 0.001628
[2017.02.20-23.27.24:812][539]PIE: Info Play in editor start time for /Game/UEDPIE_0_level0 -0.152
[2017.02.20-23.28.51:735][961]LogTemp: Repeting last play command: Selected Viewport
[2017.02.20-23.28.51:768][961]LogPlayLevel: PlayLevel: No blueprints needed recompiling
[2017.02.20-23.28.51:769][961]PIE: New page: PIE session: level0 (20 Feb 2017 23:28:51)
[2017.02.20-23.28.51:769][961]LogPlayLevel: Creating play world package: /Game/UEDPIE_0_level0
[2017.02.20-23.28.51:774][961]LogPlayLevel: PIE: StaticDuplicateObject took: (0.004341s)
[2017.02.20-23.28.51:775][961]LogAIModule: Creating AISystem for world level0
[2017.02.20-23.28.51:775][961]LogPlayLevel: PIE: World Init took: (0.001605s)
[2017.02.20-23.28.51:776][961]LogPlayLevel: PIE: Created PIE world by copying editor world from /Game/level0.level0 to /Game/UEDPIE_0_level0.level0 (0.006731s)
[2017.02.20-23.28.51:793][961]LogInit: XAudio2 using 'Speakers (Realtek High Definition Audio)' : 2 channels at 48 kHz using 32 bits per sample (channel mask 0x3)
[2017.02.20-23.28.51:801][961]LogInit: FAudioDevice initialized.
[2017.02.20-23.28.51:829][961]LogLoad: Game class is 'GameModeBase'
[2017.02.20-23.28.51:832][961]LogWorld: Bringing World /Game/UEDPIE_0_level0.level0 up for play (max tick rate 0) at 2017.02.20-23.28.51
[2017.02.20-23.28.51:832][961]LogWorld: Bringing up level for play took: 0.001560
[2017.02.20-23.28.51:833][961]PIE: Info Play in editor start time for /Game/UEDPIE_0_level0 0.871
[2017.02.20-23.29.03:160][846]Recompiling Gitters...
[2017.02.20-23.29.03:161][846]Launching UnrealBuildTool... [C:/Program Files/Epic Games/UE_4.14/Engine/Binaries/DotNET/UnrealBuildTool.exe Gitters -ModuleWithSuffix Gitters 5202 Win64 Development -editorrecompile -canskiplink "C:/Users/N/Projects/Unreal Projects/Gitters/Gitters.uproject" ]
[2017.02.20-23.29.03:163][846]Warning: Starting HotReload took  0.0s.
[2017.02.20-23.29.15:008][787]CompilerResultsLog: New page: Compilation - 20 Feb 2017 23:29:15
[2017.02.20-23.29.15:008][787]CompilerResultsLog: Info Creating makefile for hot reloading Gitters (modules to compile have changed)
[2017.02.20-23.29.15:008][787]CompilerResultsLog: Info Compiling game modules for hot reload
[2017.02.20-23.29.15:008][787]CompilerResultsLog: Info Parsing headers for GittersEditor
[2017.02.20-23.29.15:008][787]CompilerResultsLog: Info   Running UnrealHeaderTool "C:\Users\N\Projects\Unreal Projects\Gitters\Gitters.uproject" "C:\Users\N\Projects\Unreal Projects\Gitters\Intermediate\Build\Win64\GittersEditor\Development\GittersEditor.uhtmanifest" -LogCmds="loginit warning, logexit warning, logdatabase error" -Unattended -WarningsAsErrors -installed
[2017.02.20-23.29.15:009][787]CompilerResultsLog: Info Reflection code generated for GittersEditor in 3.9071396 seconds
[2017.02.20-23.29.15:009][787]CompilerResultsLog: Info Performing 2 actions (6 in parallel)
[2017.02.20-23.29.15:009][787]CompilerResultsLog: Info Defender.cpp
[2017.02.20-23.29.15:009][787]CompilerResultsLog:Error: Error C:\Users\N\Projects\Unreal Projects\Gitters\Source\Gitters\Defender.cpp(53) : warning C4458: declaration of 'InputComponent' hides class member
[2017.02.20-23.29.15:009][787]CompilerResultsLog:Error: Error C:\Program Files\Epic Games\UE_4.14\Engine\Source\Runtime\Engine\Classes\GameFramework/Actor.h(319) : note: see declaration of 'AActor::InputComponent'
[2017.02.20-23.29.15:009][787]CompilerResultsLog: Info [2/2] Link UE4Editor-Gitters-5202.dll
[2017.02.20-23.29.15:009][787]CompilerResultsLog: Info    Creating library C:\Users\N\Projects\Unreal Projects\Gitters\Intermediate\Build\Win64\UE4Editor\Development\UE4Editor-Gitters-5202.lib and object C:\Users\N\Projects\Unreal Projects\Gitters\Intermediate\Build\Win64\UE4Editor\Development\UE4Editor-Gitters-5202.exp
[2017.02.20-23.29.15:009][787]CompilerResultsLog: Info Total build time: 11.64 seconds
[2017.02.20-23.29.15:010][787]LogMainFrame: MainFrame: Module compiling took 11.874 seconds
[2017.02.20-23.29.15:076][787]LogContentBrowser: Native class hierarchy updated for 'Gitters' in 0.0013 seconds. Added 2 classes and 2 folders.
[2017.02.20-23.29.15:079][787]Display: HotReload successful (0 functions remapped  0 scriptstructs remapped)
[2017.02.20-23.29.15:112][787]LogContentBrowser: Native class hierarchy populated in 0.0135 seconds. Added 2194 classes and 434 folders.
[2017.02.20-23.29.15:115][787]Display: HotReload took 12.0s.
[2017.02.20-23.35.46:152][822]Recompiling Gitters...
[2017.02.20-23.35.46:153][822]Launching UnrealBuildTool... [C:/Program Files/Epic Games/UE_4.14/Engine/Binaries/DotNET/UnrealBuildTool.exe Gitters -ModuleWithSuffix Gitters 9758 Win64 Development -editorrecompile -canskiplink "C:/Users/N/Projects/Unreal Projects/Gitters/Gitters.uproject" ]
[2017.02.20-23.35.46:154][822]Warning: Starting HotReload took  0.0s.
[2017.02.20-23.35.54:976][146]CompilerResultsLog: New page: Compilation - 20 Feb 2017 23:35:54
[2017.02.20-23.35.54:977][146]CompilerResultsLog: Info Compiling game modules for hot reload
[2017.02.20-23.35.54:977][146]CompilerResultsLog: Info Parsing headers for GittersEditor
[2017.02.20-23.35.54:977][146]CompilerResultsLog: Info   Running UnrealHeaderTool "C:\Users\N\Projects\Unreal Projects\Gitters\Gitters.uproject" "C:\Users\N\Projects\Unreal Projects\Gitters\Intermediate\Build\Win64\GittersEditor\Development\GittersEditor.uhtmanifest" -LogCmds="loginit warning, logexit warning, logdatabase error" -Unattended -WarningsAsErrors -installed
[2017.02.20-23.35.54:977][146]CompilerResultsLog: Info Reflection code generated for GittersEditor in 4.0276815 seconds
[2017.02.20-23.35.54:977][146]CompilerResultsLog: Info Performing 3 actions (6 in parallel)
[2017.02.20-23.35.54:977][146]CompilerResultsLog: Info Defender.cpp
[2017.02.20-23.35.54:977][146]CompilerResultsLog: Info Gitters.generated.cpp
[2017.02.20-23.35.54:977][146]CompilerResultsLog:Error: Error C:\Users\N\Projects\Unreal Projects\Gitters\Source\Gitters\Defender.cpp(53) : warning C4458: declaration of 'InputComponent' hides class member
[2017.02.20-23.35.54:978][146]CompilerResultsLog:Error: Error C:\Program Files\Epic Games\UE_4.14\Engine\Source\Runtime\Engine\Classes\GameFramework/Actor.h(319) : note: see declaration of 'AActor::InputComponent'
[2017.02.20-23.35.54:978][146]CompilerResultsLog: Info [3/3] Link UE4Editor-Gitters-9758.dll
[2017.02.20-23.35.54:978][146]CompilerResultsLog: Info    Creating library C:\Users\N\Projects\Unreal Projects\Gitters\Intermediate\Build\Win64\UE4Editor\Development\UE4Editor-Gitters-9758.lib and object C:\Users\N\Projects\Unreal Projects\Gitters\Intermediate\Build\Win64\UE4Editor\Development\UE4Editor-Gitters-9758.exp
[2017.02.20-23.35.54:978][146]CompilerResultsLog: Info Total build time: 8.68 seconds
[2017.02.20-23.35.54:978][146]LogMainFrame: MainFrame: Module compiling took 8.836 seconds
[2017.02.20-23.35.55:043][146]LogContentBrowser: Native class hierarchy updated for 'Gitters' in 0.0013 seconds. Added 2 classes and 2 folders.
[2017.02.20-23.35.55:047][146]Display: HotReload successful (0 functions remapped  0 scriptstructs remapped)
[2017.02.20-23.35.55:082][146]LogContentBrowser: Native class hierarchy populated in 0.0141 seconds. Added 2194 classes and 434 folders.
[2017.02.20-23.35.55:085][146]Display: HotReload took  8.9s.
[2017.02.20-23.39.27:844][161]LogEditorViewport: Clicking on Actor (LMB): BP_Sky_Sphere_C (Sky Sphere)
[2017.02.20-23.39.39:409][576]LogVSAccessor:Warning: Couldn't goto line number '0' in 'C:/Users/N/Projects/Unreal Projects/Gitters/Source/Gitters/Defender.h'
[2017.02.20-23.39.39:461][576]LogVSAccessor:Warning: Couldn't goto line number '0' in 'C:/Users/N/Projects/Unreal Projects/Gitters/Source/Gitters/Defender.cpp'
[2017.02.20-23.45.47:475][474]Recompiling Gitters...
[2017.02.20-23.45.47:475][474]Launching UnrealBuildTool... [C:/Program Files/Epic Games/UE_4.14/Engine/Binaries/DotNET/UnrealBuildTool.exe Gitters -ModuleWithSuffix Gitters 9980 Win64 Development -editorrecompile -canskiplink "C:/Users/N/Projects/Unreal Projects/Gitters/Gitters.uproject" ]
[2017.02.20-23.45.47:478][474]Warning: Starting HotReload took  0.0s.
[2017.02.20-23.45.54:951][744]CompilerResultsLog: New page: Compilation - 20 Feb 2017 23:45:54
[2017.02.20-23.45.54:951][744]CompilerResultsLog: Info Compiling game modules for hot reload
[2017.02.20-23.45.54:951][744]CompilerResultsLog: Info Performing 2 actions (6 in parallel)
[2017.02.20-23.45.54:951][744]CompilerResultsLog: Info Defender.cpp
[2017.02.20-23.45.54:951][744]CompilerResultsLog:Error: Error C:\Users\N\Projects\Unreal Projects\Gitters\Source\Gitters\Defender.cpp(52) : warning C4458: declaration of 'InputComponent' hides class member
[2017.02.20-23.45.54:952][744]CompilerResultsLog:Error: Error C:\Program Files\Epic Games\UE_4.14\Engine\Source\Runtime\Engine\Classes\GameFramework/Actor.h(319) : note: see declaration of 'AActor::InputComponent'
[2017.02.20-23.45.54:952][744]CompilerResultsLog: Info [2/2] Link UE4Editor-Gitters-9980.dll
[2017.02.20-23.45.54:952][744]CompilerResultsLog: Info    Creating library C:\Users\N\Projects\Unreal Projects\Gitters\Intermediate\Build\Win64\UE4Editor\Development\UE4Editor-Gitters-9980.lib and object C:\Users\N\Projects\Unreal Projects\Gitters\Intermediate\Build\Win64\UE4Editor\Development\UE4Editor-Gitters-9980.exp
[2017.02.20-23.45.54:952][744]CompilerResultsLog: Info Total build time: 5.26 seconds
[2017.02.20-23.45.54:952][744]LogMainFrame: MainFrame: Module compiling took 7.492 seconds
[2017.02.20-23.45.55:017][744]LogContentBrowser: Native class hierarchy updated for 'Gitters' in 0.0013 seconds. Added 2 classes and 2 folders.
[2017.02.20-23.45.55:020][744]Display: HotReload successful (0 functions remapped  0 scriptstructs remapped)
[2017.02.20-23.45.55:053][744]LogContentBrowser: Native class hierarchy populated in 0.0136 seconds. Added 2194 classes and 434 folders.
[2017.02.20-23.45.55:056][744]Display: HotReload took  7.6s.
[2017.02.20-23.46.40:219][825]Recompiling Gitters...
[2017.02.20-23.46.40:219][825]Launching UnrealBuildTool... [C:/Program Files/Epic Games/UE_4.14/Engine/Binaries/DotNET/UnrealBuildTool.exe Gitters -ModuleWithSuffix Gitters 4172 Win64 Development -editorrecompile -canskiplink "C:/Users/N/Projects/Unreal Projects/Gitters/Gitters.uproject" ]
[2017.02.20-23.46.40:220][825]Warning: Starting HotReload took  0.1s.
[2017.02.20-23.46.42:955][943]CompilerResultsLog: New page: Compilation - 20 Feb 2017 23:46:42
[2017.02.20-23.46.42:956][943]CompilerResultsLog: Info Compiling game modules for hot reload
[2017.02.20-23.46.42:956][943]CompilerResultsLog: Info Target is up to date
[2017.02.20-23.46.42:956][943]LogMainFrame: MainFrame: Module compiling took 2.768 seconds
[2017.02.20-23.46.42:982][943]LogContentBrowser: Native class hierarchy populated in 0.0146 seconds. Added 2194 classes and 434 folders.
[2017.02.20-23.46.42:986][943]Display: HotReload took  2.8s.
[2017.02.20-23.48.24:673][137]LogTemp: Repeting last play command: Selected Viewport
[2017.02.20-23.48.24:699][137]LogPlayLevel: PlayLevel: No blueprints needed recompiling
[2017.02.20-23.48.24:700][137]PIE: New page: PIE session: level0 (20 Feb 2017 23:48:24)
[2017.02.20-23.48.24:700][137]LogPlayLevel: Creating play world package: /Game/UEDPIE_0_level0
[2017.02.20-23.48.24:704][137]LogPlayLevel: PIE: StaticDuplicateObject took: (0.003864s)
[2017.02.20-23.48.24:705][137]LogAIModule: Creating AISystem for world level0
[2017.02.20-23.48.24:706][137]LogPlayLevel: PIE: World Init took: (0.001806s)
[2017.02.20-23.48.24:706][137]LogPlayLevel: PIE: Created PIE world by copying editor world from /Game/level0.level0 to /Game/UEDPIE_0_level0.level0 (0.006379s)
[2017.02.20-23.48.24:725][137]LogInit: XAudio2 using 'Speakers (Realtek High Definition Audio)' : 2 channels at 48 kHz using 32 bits per sample (channel mask 0x3)
[2017.02.20-23.48.24:734][137]LogInit: FAudioDevice initialized.
[2017.02.20-23.48.24:763][137]LogLoad: Game class is 'GameModeBase'
[2017.02.20-23.48.24:766][137]LogWorld: Bringing World /Game/UEDPIE_0_level0.level0 up for play (max tick rate 0) at 2017.02.20-23.48.24
[2017.02.20-23.48.24:766][137]LogWorld: Bringing up level for play took: 0.001821
[2017.02.20-23.48.24:767][137]PIE: Info Play in editor start time for /Game/UEDPIE_0_level0 -0.196
[2017.02.20-23.48.50:777][406]Cmd: OBJ SAVEPACKAGE PACKAGE="/Game/level0" FILE="../../../../../../Users/N/Projects/Unreal Projects/Gitters/Content/level0.umap" SILENT=true AUTOSAVING=false KEEPDIRTY=false
